Application Internal Error - C:\Dev\DemoNFCe_Hmg\DemoNFCeHmg.exe
Terminated at: 2020-03-19 16:02:00
Unrecoverable error 6005: Exception error:

    Exception Code:C0000005 ACCESS_VIOLATION
    Exception Address:01400FD5
    EAX:00000000  EBX:01400FD5  ECX:01400FD5  EDX:00000000
    ESI:00000000  EDI:0000001C  EBP:0092F87C
    CS:EIP:0023:01400FD5  SS:ESP:002B:0092F854
    DS:002B  ES:002B  FS:0053  GS:002B
    Flags:00010206
    Exception Parameters: 00000000 01400FD5
    CS:EIP:
    SS:ESP: 767B444B 0039033A 0000001C 00000001 000005C8 00000000 DCBAABCD 01400FD5 0000001C 00000000 0092F960 76794F8C 01400FD5 0039033A 0000001C 00000001

    C stack:
    EIP:     EBP:       Frame: OldEBP, RetAddr, Params...
    01400FD5 0092F87C   0092F960 76794F8C 01400FD5 0039033A 0000001C 00000001 000005C8 07976AFF 00000000 00001388
    76794F8C 0092F960   0092F9C4 76794B2A 01400FD5 00000000 0000001C 00000001 000005C8 00248000 00000001 07976A5B
    76794B2A 0092F9C4   0092FA00 7679E16F 017F6CF0 00000000 0000001C 00000001 000005C8 01400FD5 0092FAA4 00000000
    7679E16F 0092FA00   0092FA78 772A41DD 0092FA1C 00000020 0092FFCC 772A4110 0092FA40 017F6CF0 00000000 0000001C
    772A41DD 0092FA78   76797FE0 00432307 0092FAA4 00000000 00000000 00000000 0092FB0C 005FC240 75CA1A40 01415994


Modules:
00400000 00322000 C:\Dev\DemoNFCe_Hmg\DemoNFCeHmg.exe
77230000 0019A000 C:\WINDOWS\SYSTEM32\ntdll.dll
75C90000 000E0000 C:\WINDOWS\System32\KERNEL32.DLL
76410000 001FE000 C:\WINDOWS\System32\KERNELBASE.dll
75120000 00079000 C:\WINDOWS\System32\ADVAPI32.dll
766B0000 000BF000 C:\WINDOWS\System32\msvcrt.dll
76630000 00076000 C:\WINDOWS\System32\sechost.dll
75D70000 000BB000 C:\WINDOWS\System32\RPCRT4.dll
74A00000 00020000 C:\WINDOWS\System32\SspiCli.dll
749F0000 0000A000 C:\WINDOWS\System32\CRYPTBASE.dll
75340000 0005F000 C:\WINDOWS\System32\bcryptPrimitives.dll
75A00000 000B0000 C:\WINDOWS\System32\COMDLG32.DLL
75550000 00275000 C:\WINDOWS\System32\combase.dll
747E0000 0020F000 C:\WINDOWS\WinSxS\x86_microsoft.windows.common-controls_6595b64144ccf1df_6.0.18362.720_none_2e6bec9c2790ac71\COMCTL32.DLL
753A0000 0011F000 C:\WINDOWS\System32\ucrtbase.dll
75B30000 00021000 C:\WINDOWS\System32\GDI32.dll
76A80000 00084000 C:\WINDOWS\System32\shcore.dll
75B60000 00017000 C:\WINDOWS\System32\win32u.dll
76770000 00197000 C:\WINDOWS\System32\USER32.dll
757D0000 0015A000 C:\WINDOWS\System32\gdi32full.dll
75AB0000 0007C000 C:\WINDOWS\System32\msvcp_win.dll
75940000 00044000 C:\WINDOWS\System32\SHLWAPI.dll
75E90000 0057A000 C:\WINDOWS\System32\SHELL32.dll
75990000 0003B000 C:\WINDOWS\System32\cfgmgr32.dll
74A20000 005C5000 C:\WINDOWS\System32\windows.storage.dll
750B0000 0001B000 C:\WINDOWS\System32\profapi.dll
76B10000 00043000 C:\WINDOWS\System32\powrprof.dll
759E0000 0000D000 C:\WINDOWS\System32\UMPDC.dll
759F0000 0000F000 C:\WINDOWS\System32\kernel.appcore.dll
75070000 00013000 C:\WINDOWS\System32\cryptsp.dll
76B60000 000F7000 C:\WINDOWS\System32\ole32.dll
77170000 00092000 C:\WINDOWS\System32\OLEAUT32.dll
747A0000 00006000 C:\WINDOWS\SYSTEM32\MSIMG32.DLL
747B0000 00022000 C:\WINDOWS\SYSTEM32\MSVFW32.DLL
74770000 00024000 C:\WINDOWS\SYSTEM32\WINMM.DLL
74700000 0006B000 C:\WINDOWS\SYSTEM32\WINSPOOL.DRV
76610000 00019000 C:\WINDOWS\System32\bcrypt.dll
746D0000 00023000 C:\WINDOWS\SYSTEM32\winmmbase.dll
74600000 000C5000 C:\WINDOWS\SYSTEM32\PROPSYS.dll
745C0000 00032000 C:\WINDOWS\SYSTEM32\IPHLPAPI.DLL
754C0000 00025000 C:\WINDOWS\System32\IMM32.DLL
74310000 002A4000 C:\WINDOWS\SYSTEM32\Msftedit.dll
74290000 0007A000 C:\WINDOWS\system32\uxtheme.dll
75230000 00103000 C:\WINDOWS\System32\MSCTF.dll
74200000 00084000 C:\WINDOWS\System32\TextInputFramework.dll
73F10000 0025E000 C:\WINDOWS\System32\CoreUIComponents.dll
74170000 00089000 C:\WINDOWS\System32\CoreMessaging.dll
73E30000 000DA000 C:\WINDOWS\SYSTEM32\wintypes.dll
73E00000 00029000 C:\WINDOWS\SYSTEM32\ntmarta.dll
73BD0000 00229000 C:\WINDOWS\System32\iertutil.dll
74FF0000 00080000 C:\WINDOWS\System32\clbcatq.dll
754F0000 0005E000 C:\WINDOWS\System32\WS2_32.dll
727C0000 00088000 C:\WINDOWS\SYSTEM32\sxs.dll
71EB0000 00018000 C:\Windows\System32\mpr.dll
72010000 0002F000 C:\WINDOWS\system32\rsaenh.dll
72B40000 0001E000 C:\WINDOWS\SYSTEM32\USERENV.dll
71FA0000 00052000 C:\WINDOWS\system32\mswsock.dll
720A0000 00023000 C:\WINDOWS\system32\dssenh.dll
73780000 00167000 C:\WINDOWS\SYSTEM32\DUI70.dll
73700000 00077000 C:\WINDOWS\SYSTEM32\DUser.dll
736D0000 00025000 C:\WINDOWS\SYSTEM32\dwmapi.dll
738F0000 00169000 C:\WINDOWS\SYSTEM32\WindowsCodecs.dll
73440000 0004A000 C:\Windows\System32\thumbcache.dll
71E30000 00073000 C:\WINDOWS\SYSTEM32\policymanager.dll
71DC0000 00065000 C:\WINDOWS\SYSTEM32\msvcp110_win.dll
72FC0000 00019000 C:\WINDOWS\SYSTEM32\dxcore.dll
73620000 0001B000 C:\WINDOWS\SYSTEM32\edputil.dll
72CD0000 00053000 C:\WINDOWS\system32\OLEACC.dll
72930000 001F3000 C:\Windows\System32\uiautomationcore.dll
727B0000 0000D000 C:\WINDOWS\SYSTEM32\atlthunk.dll
72720000 00085000 C:\WINDOWS\System32\StructuredQuery.dll
72040000 00015000 C:\WINDOWS\SYSTEM32\samcli.dll
71F80000 00019000 C:\WINDOWS\SYSTEM32\SAMLIB.dll
70720000 0000B000 C:\WINDOWS\SYSTEM32\netutils.dll
725D0000 0001B000 C:\WINDOWS\SYSTEM32\CLDAPI.dll
725C0000 00008000 C:\WINDOWS\SYSTEM32\FLTLIB.DLL
75E30000 0005E000 C:\WINDOWS\System32\coml2.dll
722D0000 0000B000 C:\WINDOWS\SYSTEM32\LINKINFO.dll
721E0000 0009F000 C:\WINDOWS\SYSTEM32\apphelp.dll
721C0000 00013000 C:\WINDOWS\system32\NetworkExplorer.dll
72310000 00061000 C:\WINDOWS\SYSTEM32\ntshrui.dll
722F0000 0001C000 C:\WINDOWS\SYSTEM32\srvcli.dll
722E0000 0000E000 C:\WINDOWS\SYSTEM32\cscapi.dll
72000000 00009000 C:\WINDOWS\System32\drprov.dll
70640000 00049000 C:\WINDOWS\System32\WINSTA.dll
71550000 00012000 C:\WINDOWS\System32\ntlanman.dll
712B0000 00019000 C:\WINDOWS\System32\davclnt.dll
71F70000 0000A000 C:\WINDOWS\System32\DAVHLPR.dll
72410000 001AA000 C:\WINDOWS\SYSTEM32\urlmon.dll

Called from DOMESSAGELOOP(0)
Called from _ACTIVATEWINDOW(5717) in source\h_windows.prg
Called from DOMETHOD(9003) in source\h_controlmisc.prg
Called from MAIN(7) in C:\Dev\DemoNFCe_Hmg\Main.Prg
------------------------------------------------------------------------
